[debug] [2026-02-05T20:28:52.065Z] ----------------------------------------------------------------------
[debug] [2026-02-05T20:28:52.067Z] Command:       C:\Program Files\nodejs\node.exe C:\Users\NABIL\AppData\Roaming\npm\node_modules\firebase-tools\lib\bin\firebase.js deploy
[debug] [2026-02-05T20:28:52.067Z] CLI Version:   15.5.1
[debug] [2026-02-05T20:28:52.067Z] Platform:      win32
[debug] [2026-02-05T20:28:52.067Z] Node Version:  v24.11.0
[debug] [2026-02-05T20:28:52.067Z] Time:          Thu Feb 05 2026 21:28:52 GMT+0100 (GMT+01:00)
[debug] [2026-02-05T20:28:52.067Z] ----------------------------------------------------------------------
[debug] 
[debug] [2026-02-05T20:28:53.831Z] > command requires scopes: ["email","openid","https://www.googleapis.com/auth/cloudplatformprojects.readonly","https://www.googleapis.com/auth/firebase","https://www.googleapis.com/auth/cloud-platform"]
[debug] [2026-02-05T20:28:53.831Z] > authorizing via signed-in user (nabilessaadiii@gmail.com)
[debug] [2026-02-05T20:28:53.831Z] [iam] checking project fmawebsite1 for permissions ["firebase.projects.get","firebasehosting.sites.update"]
[debug] [2026-02-05T20:28:53.832Z] Checked if tokens are valid: true, expires at: 1770326911774
[debug] [2026-02-05T20:28:53.832Z] Checked if tokens are valid: true, expires at: 1770326911774
[debug] [2026-02-05T20:28:53.833Z] >>> [apiv2][query] POST https://cloudresourcemanager.googleapis.com/v1/projects/fmawebsite1:testIamPermissions [none]
[debug] [2026-02-05T20:28:53.833Z] >>> [apiv2][(partial)header] POST https://cloudresourcemanager.googleapis.com/v1/projects/fmawebsite1:testIamPermissions  x-goog-user-project=fmawebsite1
[debug] [2026-02-05T20:28:53.833Z] >>> [apiv2][body] POST https://cloudresourcemanager.googleapis.com/v1/projects/fmawebsite1:testIamPermissions {"permissions":["firebase.projects.get","firebasehosting.sites.update"]}
[debug] [2026-02-05T20:28:55.056Z] <<< [apiv2][status] POST https://cloudresourcemanager.googleapis.com/v1/projects/fmawebsite1:testIamPermissions 400
[debug] [2026-02-05T20:28:55.056Z] <<< [apiv2][body] POST https://cloudresourcemanager.googleapis.com/v1/projects/fmawebsite1:testIamPermissions {"error":{"code":400,"message":"Project 'projects/fmawebsite1' not found or deleted.","status":"INVALID_ARGUMENT","details":[{"@type":"type.googleapis.com/google.rpc.ErrorInfo","reason":"USER_PROJECT_DENIED","domain":"googleapis.com","metadata":{"containerInfo":"projects/fmawebsite1","consumer":"projects/fmawebsite1","service":"cloudresourcemanager.googleapis.com"}}]}}
[debug] [2026-02-05T20:28:55.057Z] [iam] error while checking permissions, command may fail: Request to https://cloudresourcemanager.googleapis.com/v1/projects/fmawebsite1:testIamPermissions had HTTP Error: 400, Project 'projects/fmawebsite1' not found or deleted.
[debug] [2026-02-05T20:28:55.057Z] Checked if tokens are valid: true, expires at: 1770326911774
[debug] [2026-02-05T20:28:55.057Z] Checked if tokens are valid: true, expires at: 1770326911774
[debug] [2026-02-05T20:28:55.057Z] >>> [apiv2][query] GET https://firebase.googleapis.com/v1beta1/projects/fmawebsite1 [none]
[debug] [2026-02-05T20:28:55.672Z] <<< [apiv2][status] GET https://firebase.googleapis.com/v1beta1/projects/fmawebsite1 403
[debug] [2026-02-05T20:28:55.672Z] <<< [apiv2][body] GET https://firebase.googleapis.com/v1beta1/projects/fmawebsite1 {"error":{"code":403,"message":"The caller does not have permission","status":"PERMISSION_DENIED"}}
[debug] [2026-02-05T20:28:55.672Z] Request to https://firebase.googleapis.com/v1beta1/projects/fmawebsite1 had HTTP Error: 403, The caller does not have permission
[debug] [2026-02-05T20:28:55.805Z] FirebaseError: Request to https://firebase.googleapis.com/v1beta1/projects/fmawebsite1 had HTTP Error: 403, The caller does not have permission
    at responseToError (C:\Users\NABIL\AppData\Roaming\npm\node_modules\firebase-tools\lib\responseToError.js:53:12)
    at RetryOperation._fn (C:\Users\NABIL\AppData\Roaming\npm\node_modules\firebase-tools\lib\apiv2.js:330:77)
    at process.processTicksAndRejections (node:internal/process/task_queues:105:5)
[error] 
[error] Error: Failed to get Firebase project fmawebsite1. Please make sure the project exists and your account has permission to access it.
